<?xml version="1.0" encoding="UTF-8"?>
<!-- Generated by org.testng.reporters.JUnitXMLReporter -->
<testsuite hostname="MSI" ignored="4" name="Test" tests="2" failures="0" timestamp="2021-07-21T00:58:24 IST" time="0.076" errors="0">
  <testcase name="asserts" time="0.017" classname="junitandTestNg.HCL.Calculator_TestNg"/>
  <testcase name="Boolean_Check" time="0.031" classname="junitandTestNg.HCL.Calculator_TestNg2"/>
  <testcase name="@BeforeTest beforetest" time="0.0" classname="junitandTestNg.HCL.Calculator">
    <ignored/>
  </testcase> <!-- @BeforeTest beforetest -->
  <testcase name="@AfterSuite aftersuite" time="0.0" classname="junitandTestNg.HCL.Calculator">
    <ignored/>
  </testcase> <!-- @AfterSuite aftersuite -->
  <testcase name="@BeforeSuite beforesuite" time="0.0" classname="junitandTestNg.HCL.Calculator">
    <ignored/>
  </testcase> <!-- @BeforeSuite beforesuite -->
  <testcase name="@AfterTest aftertest" time="0.0" classname="junitandTestNg.HCL.Calculator">
    <ignored/>
  </testcase> <!-- @AfterTest aftertest -->
</testsuite> <!-- Test -->
