<?xml version="1.0" encoding="UTF-8"?>
<testng-results skipped="0" failed="0" ignored="0" total="1" passed="1">
  <reporter-output>
  </reporter-output>
  <suite name="Default suite" duration-ms="55" started-at="2021-08-02T14:14:15 IST" finished-at="2021-08-02T14:14:15 IST">
    <groups>
    </groups>
    <test name="Default test" duration-ms="55" started-at="2021-08-02T14:14:15 IST" finished-at="2021-08-02T14:14:15 IST">
      <class name="webDriverAdvanced.HCL.Log4j">
        <test-method status="PASS" signature="log()[pri:0, instance:webDriverAdvanced.HCL.Log4j@77f80c04]" name="log" duration-ms="19" started-at="2021-08-02T14:14:15 IST" finished-at="2021-08-02T14:14:15 IST">
          <reporter-output>
          </reporter-output>
        </test-method> <!-- log -->
      </class> <!-- webDriverAdvanced.HCL.Log4j -->
    </test> <!-- Default test -->
  </suite> <!-- Default suite -->
</testng-results>
